2022-01-26 09:39:12.396  INFO 5112 --- [Thread-5] j.LocalContainerEntityManagerFactoryBean : Closing JPA EntityManagerFactory for persistence unit 'default'
2022-01-26 09:39:12.405  INFO 5112 --- [Thread-5] com.zaxxer.hikari.HikariDataSource       : HikariPool-1 - Shutdown initiated...
2022-01-26 09:39:12.411  INFO 5112 --- [Thread-5] com.zaxxer.hikari.HikariDataSource       : HikariPool-1 - Shutdown completed.
2022-01-26 09:39:12.885  INFO 5112 --- [restartedMain] com.shopme.ShopmeBackEndApplication      : Starting ShopmeBackEndApplication using Java 15.0.1 on DESKTOP-CSHD0FO with PID 5112 (C:\Users\aziz\Desktop\shopmeecommerceproject\ShopmeWebParent\ShopmeBackEnd\target\classes started by LegendDZ in C:\Users\aziz\Desktop\shopmeecommerceproject\ShopmeWebParent\ShopmeBackEnd)
2022-01-26 09:39:12.887  INFO 5112 --- [restartedMain] com.shopme.ShopmeBackEndApplication      : No active profile set, falling back to default profiles: default
2022-01-26 09:39:13.406  INFO 5112 --- [restartedMain] .s.d.r.c.RepositoryConfigurationDelegate : Bootstrapping Spring Data JPA repositories in DEFAULT mode.
2022-01-26 09:39:13.449  INFO 5112 --- [restartedMain] .s.d.r.c.RepositoryConfigurationDelegate : Finished Spring Data repository scanning in 41 ms. Found 2 JPA repository interfaces.
2022-01-26 09:39:13.679  INFO 5112 --- [restartedMain] o.s.b.w.embedded.tomcat.TomcatWebServer  : Tomcat initialized with port(s): 8080 (http)
2022-01-26 09:39:13.680  INFO 5112 --- [restartedMain] o.apache.catalina.core.StandardService   : Starting service [Tomcat]
2022-01-26 09:39:13.681  INFO 5112 --- [restartedMain] org.apache.catalina.core.StandardEngine  : Starting Servlet engine: [Apache Tomcat/9.0.56]
2022-01-26 09:39:13.737  INFO 5112 --- [restartedMain] o.a.c.c.C.[.[localhost].[/ShopmeAdmin]   : Initializing Spring embedded WebApplicationContext
2022-01-26 09:39:13.738  INFO 5112 --- [restartedMain] w.s.c.ServletWebServerApplicationContext : Root WebApplicationContext: initialization completed in 844 ms
2022-01-26 09:39:13.811  INFO 5112 --- [restartedMain] o.hibernate.jpa.internal.util.LogHelper  : HHH000204: Processing PersistenceUnitInfo [name: default]
2022-01-26 09:39:13.842  INFO 5112 --- [restartedMain] com.zaxxer.hikari.HikariDataSource       : HikariPool-2 - Starting...
2022-01-26 09:39:13.847  INFO 5112 --- [restartedMain] com.zaxxer.hikari.HikariDataSource       : HikariPool-2 - Start completed.
2022-01-26 09:39:13.848  INFO 5112 --- [restartedMain] org.hibernate.dialect.Dialect            : HHH000400: Using dialect: org.hibernate.dialect.MySQL8Dialect
2022-01-26 09:39:13.886 ERROR 5112 --- [restartedMain] j.LocalContainerEntityManagerFactoryBean : Failed to initialize JPA EntityManagerFactory: [PersistenceUnit: default] Unable to build Hibernate SessionFactory; nested exception is org.hibernate.MappingException: Could not determine type for: java.util.Set, at table: categories, for columns: [org.hibernate.mapping.Column(chiidren)]
2022-01-26 09:39:13.887  WARN 5112 --- [restartedMain] ConfigServletWebServerApplicationContext : Exception encountered during context initialization - cancelling refresh attempt: org.springframework.beans.factory.BeanCreationException: Error creating bean with name 'entityManagerFactory' defined in class path resource [org/springframework/boot/autoconfigure/orm/jpa/HibernateJpaConfiguration.class]: Invocation of init method failed; nested exception is javax.persistence.PersistenceException: [PersistenceUnit: default] Unable to build Hibernate SessionFactory; nested exception is org.hibernate.MappingException: Could not determine type for: java.util.Set, at table: categories, for columns: [org.hibernate.mapping.Column(chiidren)]
2022-01-26 09:39:13.887  INFO 5112 --- [restartedMain] com.zaxxer.hikari.HikariDataSource       : HikariPool-2 - Shutdown initiated...
2022-01-26 09:39:13.892  INFO 5112 --- [restartedMain] com.zaxxer.hikari.HikariDataSource       : HikariPool-2 - Shutdown completed.
2022-01-26 09:39:13.892  INFO 5112 --- [restartedMain] o.apache.catalina.core.StandardService   : Stopping service [Tomcat]
2022-01-26 09:39:13.903  INFO 5112 --- [restartedMain] ConditionEvaluationReportLoggingListener : 

Error starting ApplicationContext. To display the conditions report re-run your application with 'debug' enabled.
2022-01-26 09:39:14.085 ERROR 5112 --- [restartedMain] o.s.boot.SpringApplication               : Application run failed

org.springframework.beans.factory.BeanCreationException: Error creating bean with name 'entityManagerFactory' defined in class path resource [org/springframework/boot/autoconfigure/orm/jpa/HibernateJpaConfiguration.class]: Invocation of init method failed; nested exception is javax.persistence.PersistenceException: [PersistenceUnit: default] Unable to build Hibernate SessionFactory; nested exception is org.hibernate.MappingException: Could not determine type for: java.util.Set, at table: categories, for columns: [org.hibernate.mapping.Column(chiidren)]
	at org.springframework.beans.factory.support.AbstractAutowireCapableBeanFactory.initializeBean(AbstractAutowireCapableBeanFactory.java:1804) ~[spring-beans-5.3.14.jar:5.3.14]
	at org.springframework.beans.factory.support.AbstractAutowireCapableBeanFactory.doCreateBean(AbstractAutowireCapableBeanFactory.java:620) ~[spring-beans-5.3.14.jar:5.3.14]
	at org.springframework.beans.factory.support.AbstractAutowireCapableBeanFactory.createBean(AbstractAutowireCapableBeanFactory.java:542) ~[spring-beans-5.3.14.jar:5.3.14]
	at org.springframework.beans.factory.support.AbstractBeanFactory.lambda$doGetBean$0(AbstractBeanFactory.java:335) ~[spring-beans-5.3.14.jar:5.3.14]
	at org.springframework.beans.factory.support.DefaultSingletonBeanRegistry.getSingleton(DefaultSingletonBeanRegistry.java:234) ~[spring-beans-5.3.14.jar:5.3.14]
	at org.springframework.beans.factory.support.AbstractBeanFactory.doGetBean(AbstractBeanFactory.java:333) ~[spring-beans-5.3.14.jar:5.3.14]
	at org.springframework.beans.factory.support.AbstractBeanFactory.getBean(AbstractBeanFactory.java:208) ~[spring-beans-5.3.14.jar:5.3.14]
	at org.springframework.context.support.AbstractApplicationContext.getBean(AbstractApplicationContext.java:1154) ~[spring-context-5.3.14.jar:5.3.14]
	at org.springframework.context.support.AbstractApplicationContext.finishBeanFactoryInitialization(AbstractApplicationContext.java:908) ~[spring-context-5.3.14.jar:5.3.14]
	at org.springframework.context.support.AbstractApplicationContext.refresh(AbstractApplicationContext.java:583) ~[spring-context-5.3.14.jar:5.3.14]
	at org.springframework.boot.web.servlet.context.ServletWebServerApplicationContext.refresh(ServletWebServerApplicationContext.java:145) ~[spring-boot-2.6.2.jar:2.6.2]
	at org.springframework.boot.SpringApplication.refresh(SpringApplication.java:730) ~[spring-boot-2.6.2.jar:2.6.2]
	at org.springframework.boot.SpringApplication.refreshContext(SpringApplication.java:412) ~[spring-boot-2.6.2.jar:2.6.2]
	at org.springframework.boot.SpringApplication.run(SpringApplication.java:302) ~[spring-boot-2.6.2.jar:2.6.2]
	at org.springframework.boot.SpringApplication.run(SpringApplication.java:1301) ~[spring-boot-2.6.2.jar:2.6.2]
	at org.springframework.boot.SpringApplication.run(SpringApplication.java:1290) ~[spring-boot-2.6.2.jar:2.6.2]
	at com.shopme.ShopmeBackEndApplication.main(ShopmeBackEndApplication.java:12) ~[classes/:na]
	at java.base/jdk.internal.reflect.NativeMethodAccessorImpl.invoke0(Native Method) ~[na:na]
	at java.base/jdk.internal.reflect.NativeMethodAccessorImpl.invoke(NativeMethodAccessorImpl.java:64) ~[na:na]
	at java.base/jdk.internal.reflect.DelegatingMethodAccessorImpl.invoke(DelegatingMethodAccessorImpl.java:43) ~[na:na]
	at java.base/java.lang.reflect.Method.invoke(Method.java:564) ~[na:na]
	at org.springframework.boot.devtools.restart.RestartLauncher.run(RestartLauncher.java:49) ~[spring-boot-devtools-2.6.2.jar:2.6.2]
Caused by: javax.persistence.PersistenceException: [PersistenceUnit: default] Unable to build Hibernate SessionFactory; nested exception is org.hibernate.MappingException: Could not determine type for: java.util.Set, at table: categories, for columns: [org.hibernate.mapping.Column(chiidren)]
	at org.springframework.orm.jpa.AbstractEntityManagerFactoryBean.buildNativeEntityManagerFactory(AbstractEntityManagerFactoryBean.java:421) ~[spring-orm-5.3.14.jar:5.3.14]
	at org.springframework.orm.jpa.AbstractEntityManagerFactoryBean.afterPropertiesSet(AbstractEntityManagerFactoryBean.java:396) ~[spring-orm-5.3.14.jar:5.3.14]
	at org.springframework.orm.jpa.LocalContainerEntityManagerFactoryBean.afterPropertiesSet(LocalContainerEntityManagerFactoryBean.java:341) ~[spring-orm-5.3.14.jar:5.3.14]
	at org.springframework.beans.factory.support.AbstractAutowireCapableBeanFactory.invokeInitMethods(AbstractAutowireCapableBeanFactory.java:1863) ~[spring-beans-5.3.14.jar:5.3.14]
	at org.springframework.beans.factory.support.AbstractAutowireCapableBeanFactory.initializeBean(AbstractAutowireCapableBeanFactory.java:1800) ~[spring-beans-5.3.14.jar:5.3.14]
	... 21 common frames omitted
Caused by: org.hibernate.MappingException: Could not determine type for: java.util.Set, at table: categories, for columns: [org.hibernate.mapping.Column(chiidren)]
	at org.hibernate.mapping.SimpleValue.getType(SimpleValue.java:515) ~[hibernate-core-5.6.3.Final.jar:5.6.3.Final]
	at org.hibernate.mapping.SimpleValue.isValid(SimpleValue.java:482) ~[hibernate-core-5.6.3.Final.jar:5.6.3.Final]
	at org.hibernate.mapping.Property.isValid(Property.java:231) ~[hibernate-core-5.6.3.Final.jar:5.6.3.Final]
	at org.hibernate.mapping.PersistentClass.validate(PersistentClass.java:627) ~[hibernate-core-5.6.3.Final.jar:5.6.3.Final]
	at org.hibernate.mapping.RootClass.validate(RootClass.java:267) ~[hibernate-core-5.6.3.Final.jar:5.6.3.Final]
	at org.hibernate.boot.internal.MetadataImpl.validate(MetadataImpl.java:359) ~[hibernate-core-5.6.3.Final.jar:5.6.3.Final]
	at org.hibernate.internal.SessionFactoryImpl.<init>(SessionFactoryImpl.java:314) ~[hibernate-core-5.6.3.Final.jar:5.6.3.Final]
	at org.hibernate.boot.internal.SessionFactoryBuilderImpl.build(SessionFactoryBuilderImpl.java:471) ~[hibernate-core-5.6.3.Final.jar:5.6.3.Final]
	at org.hibernate.jpa.boot.internal.EntityManagerFactoryBuilderImpl.build(EntityManagerFactoryBuilderImpl.java:1498) ~[hibernate-core-5.6.3.Final.jar:5.6.3.Final]
	at org.springframework.orm.jpa.vendor.SpringHibernateJpaPersistenceProvider.createContainerEntityManagerFactory(SpringHibernateJpaPersistenceProvider.java:58) ~[spring-orm-5.3.14.jar:5.3.14]
	at org.springframework.orm.jpa.LocalContainerEntityManagerFactoryBean.createNativeEntityManagerFactory(LocalContainerEntityManagerFactoryBean.java:365) ~[spring-orm-5.3.14.jar:5.3.14]
	at org.springframework.orm.jpa.AbstractEntityManagerFactoryBean.buildNativeEntityManagerFactory(AbstractEntityManagerFactoryBean.java:409) ~[spring-orm-5.3.14.jar:5.3.14]
	... 25 common frames omitted

2022-01-26 09:42:42.963  INFO 5112 --- [restartedMain] com.shopme.ShopmeBackEndApplication      : Starting ShopmeBackEndApplication using Java 15.0.1 on DESKTOP-CSHD0FO with PID 5112 (C:\Users\aziz\Desktop\shopmeecommerceproject\ShopmeWebParent\ShopmeBackEnd\target\classes started by LegendDZ in C:\Users\aziz\Desktop\shopmeecommerceproject\ShopmeWebParent\ShopmeBackEnd)
2022-01-26 09:42:42.963  INFO 5112 --- [restartedMain] com.shopme.ShopmeBackEndApplication      : No active profile set, falling back to default profiles: default
2022-01-26 09:42:43.728  INFO 5112 --- [restartedMain] .s.d.r.c.RepositoryConfigurationDelegate : Bootstrapping Spring Data JPA repositories in DEFAULT mode.
2022-01-26 09:42:43.839  INFO 5112 --- [restartedMain] .s.d.r.c.RepositoryConfigurationDelegate : Finished Spring Data repository scanning in 118 ms. Found 2 JPA repository interfaces.
2022-01-26 09:42:44.164  INFO 5112 --- [restartedMain] o.s.b.w.embedded.tomcat.TomcatWebServer  : Tomcat initialized with port(s): 8080 (http)
2022-01-26 09:42:44.164  INFO 5112 --- [restartedMain] o.apache.catalina.core.StandardService   : Starting service [Tomcat]
2022-01-26 09:42:44.164  INFO 5112 --- [restartedMain] org.apache.catalina.core.StandardEngine  : Starting Servlet engine: [Apache Tomcat/9.0.56]
2022-01-26 09:42:44.212  INFO 5112 --- [restartedMain] o.a.c.c.C.[.[localhost].[/ShopmeAdmin]   : Initializing Spring embedded WebApplicationContext
2022-01-26 09:42:44.212  INFO 5112 --- [restartedMain] w.s.c.ServletWebServerApplicationContext : Root WebApplicationContext: initialization completed in 1235 ms
2022-01-26 09:42:44.337  INFO 5112 --- [restartedMain] o.hibernate.jpa.internal.util.LogHelper  : HHH000204: Processing PersistenceUnitInfo [name: default]
2022-01-26 09:42:44.352  INFO 5112 --- [restartedMain] com.zaxxer.hikari.HikariDataSource       : HikariPool-3 - Starting...
2022-01-26 09:42:44.384  INFO 5112 --- [restartedMain] com.zaxxer.hikari.HikariDataSource       : HikariPool-3 - Start completed.
2022-01-26 09:42:44.384  INFO 5112 --- [restartedMain] org.hibernate.dialect.Dialect            : HHH000400: Using dialect: org.hibernate.dialect.MySQL8Dialect
2022-01-26 09:42:45.401  INFO 5112 --- [restartedMain] o.h.e.t.j.p.i.JtaPlatformInitiator       : HHH000490: Using JtaPlatform implementation: [org.hibernate.engine.transaction.jta.platform.internal.NoJtaPlatform]
2022-01-26 09:42:45.415  INFO 5112 --- [restartedMain] j.LocalContainerEntityManagerFactoryBean : Initialized JPA EntityManagerFactory for persistence unit 'default'
2022-01-26 09:42:45.589  WARN 5112 --- [restartedMain] JpaBaseConfiguration$JpaWebConfiguration : spring.jpa.open-in-view is enabled by default. Therefore, database queries may be performed during view rendering. Explicitly configure spring.jpa.open-in-view to disable this warning
2022-01-26 09:42:45.633  INFO 5112 --- [restartedMain] o.s.s.web.DefaultSecurityFilterChain     : Will secure Ant [pattern='/images/**'] with []
2022-01-26 09:42:45.633  INFO 5112 --- [restartedMain] o.s.s.web.DefaultSecurityFilterChain     : Will secure Ant [pattern='/css/**'] with []
2022-01-26 09:42:45.633  INFO 5112 --- [restartedMain] o.s.s.web.DefaultSecurityFilterChain     : Will secure Ant [pattern='/js/**'] with []
2022-01-26 09:42:45.633  INFO 5112 --- [restartedMain] o.s.s.web.DefaultSecurityFilterChain     : Will secure Ant [pattern='/webjars/**'] with []
2022-01-26 09:42:45.647  INFO 5112 --- [restartedMain] o.s.s.web.DefaultSecurityFilterChain     : Will secure any request with [org.springframework.security.web.context.request.async.WebAsyncManagerIntegrationFilter@74c116e8, org.springframework.security.web.context.SecurityContextPersistenceFilter@1b8de2e6, org.springframework.security.web.header.HeaderWriterFilter@54b5a000, org.springframework.security.web.csrf.CsrfFilter@34f43c0, org.springframework.security.web.authentication.logout.LogoutFilter@790e98d0, org.springframework.security.web.authentication.UsernamePasswordAuthenticationFilter@4e208f0a, org.springframework.security.web.savedrequest.RequestCacheAwareFilter@77173d63, org.springframework.security.web.servletapi.SecurityContextHolderAwareRequestFilter@edb2621, org.springframework.security.web.authentication.rememberme.RememberMeAuthenticationFilter@44fea69, org.springframework.security.web.authentication.AnonymousAuthenticationFilter@198fe266, org.springframework.security.web.session.SessionManagementFilter@6225fc21, org.springframework.security.web.access.ExceptionTranslationFilter@4a24ca4e, org.springframework.security.web.access.intercept.FilterSecurityInterceptor@2da1cf]
2022-01-26 09:42:45.745  INFO 5112 --- [restartedMain] o.s.b.a.w.s.WelcomePageHandlerMapping    : Adding welcome page template: index
2022-01-26 09:42:46.525  INFO 5112 --- [restartedMain] o.s.b.d.a.OptionalLiveReloadServer       : LiveReload server is running on port 35729
2022-01-26 09:42:46.540  INFO 5112 --- [restartedMain] o.s.b.w.embedded.tomcat.TomcatWebServer  : Tomcat started on port(s): 8080 (http) with context path '/ShopmeAdmin'
2022-01-26 09:42:46.556  INFO 5112 --- [restartedMain] com.shopme.ShopmeBackEndApplication      : Started ShopmeBackEndApplication in 3.642 seconds (JVM running for 67249.024)
2022-01-26 09:42:46.556  INFO 5112 --- [restartedMain] .ConditionEvaluationDeltaLoggingListener : Condition evaluation unchanged
2022-01-26 09:44:11.477  INFO 5112 --- [SpringApplicationShutdownHook] j.LocalContainerEntityManagerFactoryBean : Closing JPA EntityManagerFactory for persistence unit 'default'
2022-01-26 09:44:11.477  INFO 5112 --- [SpringApplicationShutdownHook] com.zaxxer.hikari.HikariDataSource       : HikariPool-3 - Shutdown initiated...
2022-01-26 09:44:11.477  INFO 5112 --- [SpringApplicationShutdownHook] com.zaxxer.hikari.HikariDataSource       : HikariPool-3 - Shutdown completed.
2022-01-26 09:44:18.384  INFO 11188 --- [restartedMain] com.shopme.ShopmeBackEndApplication      : Starting ShopmeBackEndApplication using Java 15.0.1 on DESKTOP-CSHD0FO with PID 11188 (C:\Users\aziz\Desktop\shopmeecommerceproject\ShopmeWebParent\ShopmeBackEnd\target\classes started by LegendDZ in C:\Users\aziz\Desktop\shopmeecommerceproject\ShopmeWebParent\ShopmeBackEnd)
2022-01-26 09:44:18.384  INFO 11188 --- [restartedMain] com.shopme.ShopmeBackEndApplication      : No active profile set, falling back to default profiles: default
2022-01-26 09:44:18.453  INFO 11188 --- [restartedMain] .e.DevToolsPropertyDefaultsPostProcessor : Devtools property defaults active! Set 'spring.devtools.add-properties' to 'false' to disable
2022-01-26 09:44:18.453  INFO 11188 --- [restartedMain] .e.DevToolsPropertyDefaultsPostProcessor : For additional web related logging consider setting the 'logging.level.web' property to 'DEBUG'
2022-01-26 09:44:19.681  INFO 11188 --- [restartedMain] .s.d.r.c.RepositoryConfigurationDelegate : Bootstrapping Spring Data JPA repositories in DEFAULT mode.
2022-01-26 09:44:19.837  INFO 11188 --- [restartedMain] .s.d.r.c.RepositoryConfigurationDelegate : Finished Spring Data repository scanning in 135 ms. Found 2 JPA repository interfaces.
2022-01-26 09:44:20.915  INFO 11188 --- [restartedMain] o.s.b.w.embedded.tomcat.TomcatWebServer  : Tomcat initialized with port(s): 8080 (http)
2022-01-26 09:44:20.968  INFO 11188 --- [restartedMain] o.apache.catalina.core.StandardService   : Starting service [Tomcat]
2022-01-26 09:44:20.968  INFO 11188 --- [restartedMain] org.apache.catalina.core.StandardEngine  : Starting Servlet engine: [Apache Tomcat/9.0.56]
2022-01-26 09:44:21.134  INFO 11188 --- [restartedMain] o.a.c.c.C.[.[localhost].[/ShopmeAdmin]   : Initializing Spring embedded WebApplicationContext
2022-01-26 09:44:21.134  INFO 11188 --- [restartedMain] w.s.c.ServletWebServerApplicationContext : Root WebApplicationContext: initialization completed in 2681 ms
2022-01-26 09:44:21.400  INFO 11188 --- [restartedMain] o.hibernate.jpa.internal.util.LogHelper  : HHH000204: Processing PersistenceUnitInfo [name: default]
2022-01-26 09:44:21.477  INFO 11188 --- [restartedMain] org.hibernate.Version                    : HHH000412: Hibernate ORM core version 5.6.3.Final
2022-01-26 09:44:21.665  INFO 11188 --- [restartedMain] o.hibernate.annotations.common.Version   : HCANN000001: Hibernate Commons Annotations {5.1.2.Final}
2022-01-26 09:44:21.820  INFO 11188 --- [restartedMain] com.zaxxer.hikari.HikariDataSource       : HikariPool-1 - Starting...
2022-01-26 09:44:21.977  INFO 11188 --- [restartedMain] com.zaxxer.hikari.HikariDataSource       : HikariPool-1 - Start completed.
2022-01-26 09:44:21.993  INFO 11188 --- [restartedMain] org.hibernate.dialect.Dialect            : HHH000400: Using dialect: org.hibernate.dialect.MySQL8Dialect
2022-01-26 09:44:22.978  INFO 11188 --- [restartedMain] o.h.e.t.j.p.i.JtaPlatformInitiator       : HHH000490: Using JtaPlatform implementation: [org.hibernate.engine.transaction.jta.platform.internal.NoJtaPlatform]
2022-01-26 09:44:22.994  INFO 11188 --- [restartedMain] j.LocalContainerEntityManagerFactoryBean : Initialized JPA EntityManagerFactory for persistence unit 'default'
2022-01-26 09:44:23.698  WARN 11188 --- [restartedMain] JpaBaseConfiguration$JpaWebConfiguration : spring.jpa.open-in-view is enabled by default. Therefore, database queries may be performed during view rendering. Explicitly configure spring.jpa.open-in-view to disable this warning
2022-01-26 09:44:23.929  INFO 11188 --- [restartedMain] o.s.s.web.DefaultSecurityFilterChain     : Will secure Ant [pattern='/images/**'] with []
2022-01-26 09:44:23.929  INFO 11188 --- [restartedMain] o.s.s.web.DefaultSecurityFilterChain     : Will secure Ant [pattern='/css/**'] with []
2022-01-26 09:44:23.929  INFO 11188 --- [restartedMain] o.s.s.web.DefaultSecurityFilterChain     : Will secure Ant [pattern='/js/**'] with []
2022-01-26 09:44:23.929  INFO 11188 --- [restartedMain] o.s.s.web.DefaultSecurityFilterChain     : Will secure Ant [pattern='/webjars/**'] with []
2022-01-26 09:44:23.965  INFO 11188 --- [restartedMain] o.s.s.web.DefaultSecurityFilterChain     : Will secure any request with [org.springframework.security.web.context.request.async.WebAsyncManagerIntegrationFilter@c907300, org.springframework.security.web.context.SecurityContextPersistenceFilter@6f830f4d, org.springframework.security.web.header.HeaderWriterFilter@d2b49ac, org.springframework.security.web.csrf.CsrfFilter@5bf9fea6, org.springframework.security.web.authentication.logout.LogoutFilter@3a1cb01d, org.springframework.security.web.authentication.UsernamePasswordAuthenticationFilter@767df5dd, org.springframework.security.web.savedrequest.RequestCacheAwareFilter@17a05c0c, org.springframework.security.web.servletapi.SecurityContextHolderAwareRequestFilter@d7d7108, org.springframework.security.web.authentication.rememberme.RememberMeAuthenticationFilter@6818e1da, org.springframework.security.web.authentication.AnonymousAuthenticationFilter@155abc52, org.springframework.security.web.session.SessionManagementFilter@15d68260, org.springframework.security.web.access.ExceptionTranslationFilter@49e0e716, org.springframework.security.web.access.intercept.FilterSecurityInterceptor@5983eba5]
2022-01-26 09:44:24.242  INFO 11188 --- [restartedMain] o.s.b.a.w.s.WelcomePageHandlerMapping    : Adding welcome page template: index
2022-01-26 09:44:25.104  INFO 11188 --- [restartedMain] o.s.b.d.a.OptionalLiveReloadServer       : LiveReload server is running on port 35729
2022-01-26 09:44:25.150  INFO 11188 --- [restartedMain] o.s.b.w.embedded.tomcat.TomcatWebServer  : Tomcat started on port(s): 8080 (http) with context path '/ShopmeAdmin'
2022-01-26 09:44:25.169  INFO 11188 --- [restartedMain] com.shopme.ShopmeBackEndApplication      : Started ShopmeBackEndApplication in 7.388 seconds (JVM running for 8.94)
2022-01-26 09:45:13.291  INFO 11188 --- [SpringApplicationShutdownHook] j.LocalContainerEntityManagerFactoryBean : Closing JPA EntityManagerFactory for persistence unit 'default'
2022-01-26 09:45:13.302  INFO 11188 --- [SpringApplicationShutdownHook] com.zaxxer.hikari.HikariDataSource       : HikariPool-1 - Shutdown initiated...
2022-01-26 09:45:13.307  INFO 11188 --- [SpringApplicationShutdownHook] com.zaxxer.hikari.HikariDataSource       : HikariPool-1 - Shutdown completed.
2022-01-26 09:45:21.813  INFO 12176 --- [restartedMain] com.shopme.ShopmeBackEndApplication      : Starting ShopmeBackEndApplication using Java 15.0.1 on DESKTOP-CSHD0FO with PID 12176 (C:\Users\aziz\Desktop\shopmeecommerceproject\ShopmeWebParent\ShopmeBackEnd\target\classes started by LegendDZ in C:\Users\aziz\Desktop\shopmeecommerceproject\ShopmeWebParent\ShopmeBackEnd)
2022-01-26 09:45:21.820  INFO 12176 --- [restartedMain] com.shopme.ShopmeBackEndApplication      : No active profile set, falling back to default profiles: default
2022-01-26 09:45:21.884  INFO 12176 --- [restartedMain] .e.DevToolsPropertyDefaultsPostProcessor : Devtools property defaults active! Set 'spring.devtools.add-properties' to 'false' to disable
2022-01-26 09:45:21.884  INFO 12176 --- [restartedMain] .e.DevToolsPropertyDefaultsPostProcessor : For additional web related logging consider setting the 'logging.level.web' property to 'DEBUG'
2022-01-26 09:45:23.087  INFO 12176 --- [restartedMain] .s.d.r.c.RepositoryConfigurationDelegate : Bootstrapping Spring Data JPA repositories in DEFAULT mode.
2022-01-26 09:45:23.216  INFO 12176 --- [restartedMain] .s.d.r.c.RepositoryConfigurationDelegate : Finished Spring Data repository scanning in 114 ms. Found 2 JPA repository interfaces.
2022-01-26 09:45:24.560  INFO 12176 --- [restartedMain] o.s.b.w.embedded.tomcat.TomcatWebServer  : Tomcat initialized with port(s): 8080 (http)
2022-01-26 09:45:24.570  INFO 12176 --- [restartedMain] o.apache.catalina.core.StandardService   : Starting service [Tomcat]
2022-01-26 09:45:24.570  INFO 12176 --- [restartedMain] org.apache.catalina.core.StandardEngine  : Starting Servlet engine: [Apache Tomcat/9.0.56]
2022-01-26 09:45:24.883  INFO 12176 --- [restartedMain] o.a.c.c.C.[.[localhost].[/ShopmeAdmin]   : Initializing Spring embedded WebApplicationContext
2022-01-26 09:45:24.898  INFO 12176 --- [restartedMain] w.s.c.ServletWebServerApplicationContext : Root WebApplicationContext: initialization completed in 3014 ms
2022-01-26 09:45:25.196  INFO 12176 --- [restartedMain] o.hibernate.jpa.internal.util.LogHelper  : HHH000204: Processing PersistenceUnitInfo [name: default]
2022-01-26 09:45:25.290  INFO 12176 --- [restartedMain] org.hibernate.Version                    : HHH000412: Hibernate ORM core version 5.6.3.Final
2022-01-26 09:45:25.540  INFO 12176 --- [restartedMain] o.hibernate.annotations.common.Version   : HCANN000001: Hibernate Commons Annotations {5.1.2.Final}
2022-01-26 09:45:25.712  INFO 12176 --- [restartedMain] com.zaxxer.hikari.HikariDataSource       : HikariPool-1 - Starting...
2022-01-26 09:45:25.915  INFO 12176 --- [restartedMain] com.zaxxer.hikari.HikariDataSource       : HikariPool-1 - Start completed.
2022-01-26 09:45:25.933  INFO 12176 --- [restartedMain] org.hibernate.dialect.Dialect            : HHH000400: Using dialect: org.hibernate.dialect.MySQL8Dialect
2022-01-26 09:45:27.107  INFO 12176 --- [restartedMain] o.h.e.t.j.p.i.JtaPlatformInitiator       : HHH000490: Using JtaPlatform implementation: [org.hibernate.engine.transaction.jta.platform.internal.NoJtaPlatform]
2022-01-26 09:45:27.124  INFO 12176 --- [restartedMain] j.LocalContainerEntityManagerFactoryBean : Initialized JPA EntityManagerFactory for persistence unit 'default'
2022-01-26 09:45:27.884  WARN 12176 --- [restartedMain] JpaBaseConfiguration$JpaWebConfiguration : spring.jpa.open-in-view is enabled by default. Therefore, database queries may be performed during view rendering. Explicitly configure spring.jpa.open-in-view to disable this warning
2022-01-26 09:45:28.132  INFO 12176 --- [restartedMain] o.s.s.web.DefaultSecurityFilterChain     : Will secure Ant [pattern='/images/**'] with []
2022-01-26 09:45:28.132  INFO 12176 --- [restartedMain] o.s.s.web.DefaultSecurityFilterChain     : Will secure Ant [pattern='/css/**'] with []
2022-01-26 09:45:28.132  INFO 12176 --- [restartedMain] o.s.s.web.DefaultSecurityFilterChain     : Will secure Ant [pattern='/js/**'] with []
2022-01-26 09:45:28.132  INFO 12176 --- [restartedMain] o.s.s.web.DefaultSecurityFilterChain     : Will secure Ant [pattern='/webjars/**'] with []
2022-01-26 09:45:28.182  INFO 12176 --- [restartedMain] o.s.s.web.DefaultSecurityFilterChain     : Will secure any request with [org.springframework.security.web.context.request.async.WebAsyncManagerIntegrationFilter@601a72a6, org.springframework.security.web.context.SecurityContextPersistenceFilter@2fc083b2, org.springframework.security.web.header.HeaderWriterFilter@50ed1d22, org.springframework.security.web.csrf.CsrfFilter@4b7011ec, org.springframework.security.web.authentication.logout.LogoutFilter@546ff176, org.springframework.security.web.authentication.UsernamePasswordAuthenticationFilter@61e49957, org.springframework.security.web.savedrequest.RequestCacheAwareFilter@290ab814, org.springframework.security.web.servletapi.SecurityContextHolderAwareRequestFilter@1f65cad5, org.springframework.security.web.authentication.rememberme.RememberMeAuthenticationFilter@3201fb43, org.springframework.security.web.authentication.AnonymousAuthenticationFilter@25f171d3, org.springframework.security.web.session.SessionManagementFilter@7e958fbd, org.springframework.security.web.access.ExceptionTranslationFilter@4e5ad562, org.springframework.security.web.access.intercept.FilterSecurityInterceptor@38226cf5]
2022-01-26 09:45:28.571  INFO 12176 --- [restartedMain] o.s.b.a.w.s.WelcomePageHandlerMapping    : Adding welcome page template: index
2022-01-26 09:45:29.588  INFO 12176 --- [restartedMain] o.s.b.d.a.OptionalLiveReloadServer       : LiveReload server is running on port 35729
2022-01-26 09:45:29.650  INFO 12176 --- [restartedMain] o.s.b.w.embedded.tomcat.TomcatWebServer  : Tomcat started on port(s): 8080 (http) with context path '/ShopmeAdmin'
2022-01-26 09:45:29.665  INFO 12176 --- [restartedMain] com.shopme.ShopmeBackEndApplication      : Started ShopmeBackEndApplication in 8.468 seconds (JVM running for 10.655)
2022-01-26 09:50:02.934  INFO 12176 --- [Thread-5] j.LocalContainerEntityManagerFactoryBean : Closing JPA EntityManagerFactory for persistence unit 'default'
2022-01-26 09:50:02.946  INFO 12176 --- [Thread-5] com.zaxxer.hikari.HikariDataSource       : HikariPool-1 - Shutdown initiated...
2022-01-26 09:50:02.946  INFO 12176 --- [Thread-5] com.zaxxer.hikari.HikariDataSource       : HikariPool-1 - Shutdown completed.
2022-01-26 09:50:03.089  INFO 12176 --- [restartedMain] com.shopme.ShopmeBackEndApplication      : Starting ShopmeBackEndApplication using Java 15.0.1 on DESKTOP-CSHD0FO with PID 12176 (C:\Users\aziz\Desktop\shopmeecommerceproject\ShopmeWebParent\ShopmeBackEnd\target\classes started by LegendDZ in C:\Users\aziz\Desktop\shopmeecommerceproject\ShopmeWebParent\ShopmeBackEnd)
2022-01-26 09:50:03.089  INFO 12176 --- [restartedMain] com.shopme.ShopmeBackEndApplication      : No active profile set, falling back to default profiles: default
2022-01-26 09:50:03.525  INFO 12176 --- [restartedMain] .s.d.r.c.RepositoryConfigurationDelegate : Bootstrapping Spring Data JPA repositories in DEFAULT mode.
2022-01-26 09:50:03.571  INFO 12176 --- [restartedMain] .s.d.r.c.RepositoryConfigurationDelegate : Finished Spring Data repository scanning in 46 ms. Found 3 JPA repository interfaces.
2022-01-26 09:50:03.759  INFO 12176 --- [restartedMain] o.s.b.w.embedded.tomcat.TomcatWebServer  : Tomcat initialized with port(s): 8080 (http)
2022-01-26 09:50:03.759  INFO 12176 --- [restartedMain] o.apache.catalina.core.StandardService   : Starting service [Tomcat]
2022-01-26 09:50:03.759  INFO 12176 --- [restartedMain] org.apache.catalina.core.StandardEngine  : Starting Servlet engine: [Apache Tomcat/9.0.56]
2022-01-26 09:50:03.821  INFO 12176 --- [restartedMain] o.a.c.c.C.[.[localhost].[/ShopmeAdmin]   : Initializing Spring embedded WebApplicationContext
2022-01-26 09:50:03.821  INFO 12176 --- [restartedMain] w.s.c.ServletWebServerApplicationContext : Root WebApplicationContext: initialization completed in 718 ms
2022-01-26 09:50:03.884  INFO 12176 --- [restartedMain] o.hibernate.jpa.internal.util.LogHelper  : HHH000204: Processing PersistenceUnitInfo [name: default]
2022-01-26 09:50:03.900  INFO 12176 --- [restartedMain] com.zaxxer.hikari.HikariDataSource       : HikariPool-2 - Starting...
2022-01-26 09:50:03.900  INFO 12176 --- [restartedMain] com.zaxxer.hikari.HikariDataSource       : HikariPool-2 - Start completed.
2022-01-26 09:50:03.900  INFO 12176 --- [restartedMain] org.hibernate.dialect.Dialect            : HHH000400: Using dialect: org.hibernate.dialect.MySQL8Dialect
2022-01-26 09:50:04.121  INFO 12176 --- [restartedMain] o.h.e.t.j.p.i.JtaPlatformInitiator       : HHH000490: Using JtaPlatform implementation: [org.hibernate.engine.transaction.jta.platform.internal.NoJtaPlatform]
2022-01-26 09:50:04.121  INFO 12176 --- [restartedMain] j.LocalContainerEntityManagerFactoryBean : Initialized JPA EntityManagerFactory for persistence unit 'default'
2022-01-26 09:50:04.288  WARN 12176 --- [restartedMain] JpaBaseConfiguration$JpaWebConfiguration : spring.jpa.open-in-view is enabled by default. Therefore, database queries may be performed during view rendering. Explicitly configure spring.jpa.open-in-view to disable this warning
2022-01-26 09:50:04.324  INFO 12176 --- [restartedMain] o.s.s.web.DefaultSecurityFilterChain     : Will secure Ant [pattern='/images/**'] with []
2022-01-26 09:50:04.324  INFO 12176 --- [restartedMain] o.s.s.web.DefaultSecurityFilterChain     : Will secure Ant [pattern='/css/**'] with []
2022-01-26 09:50:04.324  INFO 12176 --- [restartedMain] o.s.s.web.DefaultSecurityFilterChain     : Will secure Ant [pattern='/js/**'] with []
2022-01-26 09:50:04.324  INFO 12176 --- [restartedMain] o.s.s.web.DefaultSecurityFilterChain     : Will secure Ant [pattern='/webjars/**'] with []
2022-01-26 09:50:04.340  INFO 12176 --- [restartedMain] o.s.s.web.DefaultSecurityFilterChain     : Will secure any request with [org.springframework.security.web.context.request.async.WebAsyncManagerIntegrationFilter@496dda46, org.springframework.security.web.context.SecurityContextPersistenceFilter@58b07f50, org.springframework.security.web.header.HeaderWriterFilter@253b3bfe, org.springframework.security.web.csrf.CsrfFilter@7b7d51bf, org.springframework.security.web.authentication.logout.LogoutFilter@738e5814, org.springframework.security.web.authentication.UsernamePasswordAuthenticationFilter@32d0bafb, org.springframework.security.web.savedrequest.RequestCacheAwareFilter@14edbdad, org.springframework.security.web.servletapi.SecurityContextHolderAwareRequestFilter@68f59005, org.springframework.security.web.authentication.rememberme.RememberMeAuthenticationFilter@45dcdea4, org.springframework.security.web.authentication.AnonymousAuthenticationFilter@69c60142, org.springframework.security.web.session.SessionManagementFilter@49d12f7c, org.springframework.security.web.access.ExceptionTranslationFilter@6e1450a3, org.springframework.security.web.access.intercept.FilterSecurityInterceptor@22c04960]
2022-01-26 09:50:04.447  INFO 12176 --- [restartedMain] o.s.b.a.w.s.WelcomePageHandlerMapping    : Adding welcome page template: index
2022-01-26 09:50:05.090  INFO 12176 --- [restartedMain] o.s.b.d.a.OptionalLiveReloadServer       : LiveReload server is running on port 35729
2022-01-26 09:50:05.107  INFO 12176 --- [restartedMain] o.s.b.w.embedded.tomcat.TomcatWebServer  : Tomcat started on port(s): 8080 (http) with context path '/ShopmeAdmin'
2022-01-26 09:50:05.107  INFO 12176 --- [restartedMain] com.shopme.ShopmeBackEndApplication      : Started ShopmeBackEndApplication in 2.088 seconds (JVM running for 286.106)
2022-01-26 09:50:05.107  INFO 12176 --- [restartedMain] .ConditionEvaluationDeltaLoggingListener : Condition evaluation unchanged
